2021-11-08 16:21:50,108 | INFO |
Starting
---------------------------------------------------------------------------------------------------------------------------------------------------
2021-11-08 16:22:07,784 | INFO |
http://mpce03.avrora.lan/art?key=39fa302c1a6b40e19020b376c9becb3b&stock=235&device=DeviceName&barcode=7770003906669
Response time:0.047965
---------------------------------------------------------------------------------------------------------------------------------------------------
2021-11-08 16:22:07,826 | INFO |
http://mpce03.avrora.lan/card?key=39fa302c1a6b40e19020b376c9becb3b&stock=235&device=DeviceName&card=7770003906669&source=1
Response time:0.047965
---------------------------------------------------------------------------------------------------------------------------------------------------
2021-11-08 16:23:07,298 | INFO |
Starting
---------------------------------------------------------------------------------------------------------------------------------------------------
2021-11-08 16:23:15,173 | INFO |
http://mpce03.avrora.lan/art?key=39fa302c1a6b40e19020b376c9becb3b&stock=235&device=DeviceName&barcode=7770003906669
Response time:0.038539
---------------------------------------------------------------------------------------------------------------------------------------------------
2021-11-08 16:23:15,211 | INFO |
http://mpce03.avrora.lan/card?key=39fa302c1a6b40e19020b376c9becb3b&stock=235&device=DeviceName&card=7770003906669&source=1
Response time:0.038539
---------------------------------------------------------------------------------------------------------------------------------------------------
2021-11-08 16:23:47,479 | INFO |
http://mpce03.avrora.lan/emp_info?key=39fa302c1a6b40e19020b376c9becb3b&stock=235&device=DeviceName&barcode=ent6157257
Response time:0.791504
---------------------------------------------------------------------------------------------------------------------------------------------------
2021-11-08 16:24:03,888 | INFO |
http://mpce03.avrora.lan/emp_info?key=39fa302c1a6b40e19020b376c9becb3b&stock=235&device=DeviceName&barcode=ent6157257
Response time:0.628298
---------------------------------------------------------------------------------------------------------------------------------------------------
2021-11-08 16:24:25,859 | INFO |
http://mpce04.avrora.lan/emp_info?key=39fa302c1a6b40e19020b376c9becb3b&stock=235&device=DeviceName&barcode=ent6157257
Response time:0.69494
---------------------------------------------------------------------------------------------------------------------------------------------------
2021-11-08 16:25:30,669 | INFO |
Starting
---------------------------------------------------------------------------------------------------------------------------------------------------
2021-11-08 16:25:48,042 | INFO |
http://mpce03.avrora.lan/emp_info?key=39fa302c1a6b40e19020b376c9becb3b&stock=5&device=DeviceName&barcode=ent6157257
Response time:0.456244
---------------------------------------------------------------------------------------------------------------------------------------------------
2021-11-08 16:25:57,050 | INFO |
http://mpce03.avrora.lan/emp_info?key=39fa302c1a6b40e19020b376c9becb3b&stock=5&device=DeviceName&barcode=ent6157257
Response time:0.3591
---------------------------------------------------------------------------------------------------------------------------------------------------
2021-11-08 16:26:15,489 | INFO |
http://mpce03.avrora.lan/emp_info?key=39fa302c1a6b40e19020b376c9becb3b&stock=5&device=DeviceName&barcode=ent6157257
Response time:0.533089
---------------------------------------------------------------------------------------------------------------------------------------------------
2021-11-08 16:27:05,434 | INFO |
http://mpce03.avrora.lan/art?key=39fa302c1a6b40e19020b376c9becb3b&stock=235&device=DeviceName&code=54&source=1
Response time:0.04588
---------------------------------------------------------------------------------------------------------------------------------------------------
2021-11-08 16:27:05,480 | INFO |
http://mpce03.avrora.lan/img?key=39fa302c1a6b40e19020b376c9becb3b&stock=235&device=DeviceName&code=54&sticker=1
Response time:0.04588
---------------------------------------------------------------------------------------------------------------------------------------------------
2021-11-08 16:27:07,455 | INFO |
http://mpce03.avrora.lan/art?key=39fa302c1a6b40e19020b376c9becb3b&stock=235&device=DeviceName&code=567&source=1
Response time:0.044628
---------------------------------------------------------------------------------------------------------------------------------------------------
2021-11-08 16:27:07,500 | INFO |
http://mpce03.avrora.lan/img?key=39fa302c1a6b40e19020b376c9becb3b&stock=235&device=DeviceName&code=567&sticker=1
Response time:0.044628
---------------------------------------------------------------------------------------------------------------------------------------------------
2021-11-08 16:30:30,415 | INFO |
Starting
---------------------------------------------------------------------------------------------------------------------------------------------------
2021-11-08 16:31:07,652 | INFO |
http://mpce04.avrora.lan/art?key=39fa302c1a6b40e19020b376c9becb3b&stock=235&device=DeviceName&code=712&source=1
Response time:0.110913
---------------------------------------------------------------------------------------------------------------------------------------------------
2021-11-08 16:31:08,039 | INFO |
http://mpce04.avrora.lan/img?key=39fa302c1a6b40e19020b376c9becb3b&stock=235&device=DeviceName&code=712&sticker=1
Response time:0.110913
---------------------------------------------------------------------------------------------------------------------------------------------------
2021-11-08 16:32:23,693 | INFO |
Starting
---------------------------------------------------------------------------------------------------------------------------------------------------
2021-11-08 16:35:04,855 | INFO |
Starting
---------------------------------------------------------------------------------------------------------------------------------------------------
2021-11-08 16:35:36,209 | INFO |
http://mpce03.avrora.lan/art?key=39fa302c1a6b40e19020b376c9becb3b&stock=235&device=DeviceName&code=543453123&source=1
Response time:0.083292
---------------------------------------------------------------------------------------------------------------------------------------------------
2021-11-08 16:35:36,253 | INFO |
http://mpce03.avrora.lan/card?key=39fa302c1a6b40e19020b376c9becb3b&stock=235&device=DeviceName&card=543453123&source=1
Response time:0.083292
---------------------------------------------------------------------------------------------------------------------------------------------------
2021-11-08 16:35:38,128 | INFO |
http://mpce03.avrora.lan/art?key=39fa302c1a6b40e19020b376c9becb3b&stock=235&device=DeviceName&code=21&source=1
Response time:0.045214
---------------------------------------------------------------------------------------------------------------------------------------------------
2021-11-08 16:35:38,171 | INFO |
http://mpce03.avrora.lan/img?key=39fa302c1a6b40e19020b376c9becb3b&stock=235&device=DeviceName&code=21&sticker=1
Response time:0.045214
---------------------------------------------------------------------------------------------------------------------------------------------------
2021-11-08 16:35:45,059 | INFO |
http://mpce03.avrora.lan/art?key=39fa302c1a6b40e19020b376c9becb3b&stock=235&device=DeviceName&code=345&source=1
Response time:0.040231
---------------------------------------------------------------------------------------------------------------------------------------------------
2021-11-08 16:35:45,755 | INFO |
http://mpce03.avrora.lan/img?key=39fa302c1a6b40e19020b376c9becb3b&stock=235&device=DeviceName&code=345&sticker=1
Response time:0.040231
---------------------------------------------------------------------------------------------------------------------------------------------------
2021-11-08 16:35:54,150 | INFO |
http://mpce03.avrora.lan/art?key=39fa302c1a6b40e19020b376c9becb3b&stock=235&device=DeviceName&code=345534523&source=1
Response time:0.036236
---------------------------------------------------------------------------------------------------------------------------------------------------
2021-11-08 16:35:54,195 | INFO |
http://mpce03.avrora.lan/card?key=39fa302c1a6b40e19020b376c9becb3b&stock=235&device=DeviceName&card=345534523&source=1
Response time:0.036236
---------------------------------------------------------------------------------------------------------------------------------------------------
2021-11-08 16:35:55,988 | INFO |
http://mpce03.avrora.lan/art?key=39fa302c1a6b40e19020b376c9becb3b&stock=235&device=DeviceName&code=12&source=1
Response time:0.049334
---------------------------------------------------------------------------------------------------------------------------------------------------
2021-11-08 16:35:56,050 | INFO |
http://mpce03.avrora.lan/img?key=39fa302c1a6b40e19020b376c9becb3b&stock=235&device=DeviceName&code=12&sticker=1
Response time:0.049334
---------------------------------------------------------------------------------------------------------------------------------------------------
2021-11-08 16:37:00,832 | INFO |
http://mpce04.avrora.lan/art?key=39fa302c1a6b40e19020b376c9becb3b&stock=235&device=DeviceName&code=123&source=1
Response time:0.444711
---------------------------------------------------------------------------------------------------------------------------------------------------
2021-11-08 16:37:00,955 | INFO |
http://mpce04.avrora.lan/img?key=39fa302c1a6b40e19020b376c9becb3b&stock=235&device=DeviceName&code=123&sticker=1
Response time:0.444711
---------------------------------------------------------------------------------------------------------------------------------------------------
2021-11-08 16:39:04,390 | INFO |
http://mpce03.avrora.lan/art?key=39fa302c1a6b40e19020b376c9becb3b&stock=235&device=DeviceName&code=324&source=1
Response time:0.044125
---------------------------------------------------------------------------------------------------------------------------------------------------
2021-11-08 16:39:04,431 | INFO |
http://mpce03.avrora.lan/img?key=39fa302c1a6b40e19020b376c9becb3b&stock=235&device=DeviceName&code=324&sticker=1
Response time:0.044125
---------------------------------------------------------------------------------------------------------------------------------------------------
2021-11-08 16:39:09,057 | INFO |
http://mpce03.avrora.lan/art?key=39fa302c1a6b40e19020b376c9becb3b&stock=235&device=DeviceName&code=4&source=1
Response time:0.03897
---------------------------------------------------------------------------------------------------------------------------------------------------
2021-11-08 16:39:09,098 | INFO |
http://mpce03.avrora.lan/img?key=39fa302c1a6b40e19020b376c9becb3b&stock=235&device=DeviceName&code=4&sticker=1
Response time:0.03897
---------------------------------------------------------------------------------------------------------------------------------------------------
2021-11-08 16:39:57,802 | INFO |
http://mpce03.avrora.lan/art?key=39fa302c1a6b40e19020b376c9becb3b&stock=235&device=DeviceName&code=4323223112&source=1
Response time:0.047042
---------------------------------------------------------------------------------------------------------------------------------------------------
2021-11-08 16:39:57,844 | INFO |
http://mpce03.avrora.lan/card?key=39fa302c1a6b40e19020b376c9becb3b&stock=235&device=DeviceName&card=4323223112&source=1
Response time:0.047042
---------------------------------------------------------------------------------------------------------------------------------------------------
2021-11-08 16:45:37,374 | INFO |
Starting
---------------------------------------------------------------------------------------------------------------------------------------------------
2021-11-08 16:48:25,967 | INFO |
Starting
---------------------------------------------------------------------------------------------------------------------------------------------------
2021-11-08 16:49:13,957 | INFO |
Starting
---------------------------------------------------------------------------------------------------------------------------------------------------
2021-11-08 16:49:21,575 | INFO |
http://mpce03.avrora.lan/art?key=39fa302c1a6b40e19020b376c9becb3b&stock=235&device=DeviceName&code=723&source=1
Response time:0.07431
---------------------------------------------------------------------------------------------------------------------------------------------------
2021-11-08 16:49:22,518 | INFO |
http://mpce03.avrora.lan/img?key=39fa302c1a6b40e19020b376c9becb3b&stock=235&device=DeviceName&code=723&sticker=1
Response time:0.07431
---------------------------------------------------------------------------------------------------------------------------------------------------
2021-11-08 16:50:17,574 | INFO |
Starting
---------------------------------------------------------------------------------------------------------------------------------------------------
2021-11-08 16:50:26,749 | INFO |
http://mpce03.avrora.lan/art?key=39fa302c1a6b40e19020b376c9becb3b&stock=235&device=DeviceName&code=72&source=1
Response time:0.370606
---------------------------------------------------------------------------------------------------------------------------------------------------
2021-11-08 16:50:26,866 | INFO |
http://mpce03.avrora.lan/img?key=39fa302c1a6b40e19020b376c9becb3b&stock=235&device=DeviceName&code=72&sticker=1
Response time:0.370606
---------------------------------------------------------------------------------------------------------------------------------------------------
2021-11-08 16:54:01,259 | INFO |
Starting
---------------------------------------------------------------------------------------------------------------------------------------------------
2021-11-08 16:54:57,488 | INFO |
http://mpce03.avrora.lan/art?key=39fa302c1a6b40e19020b376c9becb3b&stock=235&device=DeviceName&code=45&source=1
Response time:0.108164
---------------------------------------------------------------------------------------------------------------------------------------------------
2021-11-08 16:54:57,534 | INFO |
http://mpce03.avrora.lan/img?key=39fa302c1a6b40e19020b376c9becb3b&stock=235&device=DeviceName&code=45&sticker=1
Response time:0.108164
---------------------------------------------------------------------------------------------------------------------------------------------------
2021-11-08 16:54:59,450 | INFO |
http://mpce03.avrora.lan/art?key=39fa302c1a6b40e19020b376c9becb3b&stock=235&device=DeviceName&code=5&source=1
Response time:0.041247
---------------------------------------------------------------------------------------------------------------------------------------------------
2021-11-08 16:54:59,491 | INFO |
http://mpce03.avrora.lan/img?key=39fa302c1a6b40e19020b376c9becb3b&stock=235&device=DeviceName&code=5&sticker=1
Response time:0.041247
---------------------------------------------------------------------------------------------------------------------------------------------------
2021-11-08 16:55:22,206 | INFO |
http://mpce03.avrora.lan/art?key=39fa302c1a6b40e19020b376c9becb3b&stock=235&device=DeviceName&code=66&source=1
Response time:0.045114
---------------------------------------------------------------------------------------------------------------------------------------------------
2021-11-08 16:55:22,269 | INFO |
http://mpce03.avrora.lan/img?key=39fa302c1a6b40e19020b376c9becb3b&stock=235&device=DeviceName&code=66&sticker=1
Response time:0.045114
---------------------------------------------------------------------------------------------------------------------------------------------------
2021-11-08 16:55:31,431 | INFO |
http://mpce03.avrora.lan/art?key=39fa302c1a6b40e19020b376c9becb3b&stock=235&device=DeviceName&code=5&source=1
Response time:0.03808
---------------------------------------------------------------------------------------------------------------------------------------------------
2021-11-08 16:55:31,797 | INFO |
http://mpce03.avrora.lan/img?key=39fa302c1a6b40e19020b376c9becb3b&stock=235&device=DeviceName&code=5&sticker=1
Response time:0.03808
---------------------------------------------------------------------------------------------------------------------------------------------------
