2021-11-09 08:22:31,776 | INFO |
Starting
---------------------------------------------------------------------------------------------------------------------------------------------------
2021-11-09 08:22:45,163 | INFO |
http://mpce03.avrora.lan/art?key=39fa302c1a6b40e19020b376c9becb3b&stock=235&device=DeviceName&code=23&source=1
Response time:0.21417
---------------------------------------------------------------------------------------------------------------------------------------------------
2021-11-09 08:22:45,207 | INFO |
http://mpce03.avrora.lan/img?key=39fa302c1a6b40e19020b376c9becb3b&stock=235&device=DeviceName&code=23&sticker=1
Response time:0.21417
---------------------------------------------------------------------------------------------------------------------------------------------------
2021-11-09 08:22:58,041 | INFO |
http://mpce03.avrora.lan/art?key=39fa302c1a6b40e19020b376c9becb3b&stock=235&device=DeviceName&code=234&source=1
Response time:0.047423
---------------------------------------------------------------------------------------------------------------------------------------------------
2021-11-09 08:22:58,099 | INFO |
http://mpce03.avrora.lan/img?key=39fa302c1a6b40e19020b376c9becb3b&stock=235&device=DeviceName&code=234&sticker=1
Response time:0.047423
---------------------------------------------------------------------------------------------------------------------------------------------------
2021-11-09 08:23:06,221 | INFO |
http://mpce03.avrora.lan/art?key=39fa302c1a6b40e19020b376c9becb3b&stock=235&device=DeviceName&code=345&source=1
Response time:0.298755
---------------------------------------------------------------------------------------------------------------------------------------------------
2021-11-09 08:23:06,810 | INFO |
http://mpce03.avrora.lan/img?key=39fa302c1a6b40e19020b376c9becb3b&stock=235&device=DeviceName&code=345&sticker=1
Response time:0.298755
---------------------------------------------------------------------------------------------------------------------------------------------------
2021-11-09 08:23:09,265 | INFO |
http://mpce03.avrora.lan/art?key=39fa302c1a6b40e19020b376c9becb3b&stock=235&device=DeviceName&code=12&source=1
Response time:0.118372
---------------------------------------------------------------------------------------------------------------------------------------------------
2021-11-09 08:23:09,333 | INFO |
http://mpce03.avrora.lan/img?key=39fa302c1a6b40e19020b376c9becb3b&stock=235&device=DeviceName&code=12&sticker=1
Response time:0.118372
---------------------------------------------------------------------------------------------------------------------------------------------------
2021-11-09 08:23:15,830 | INFO |
http://mpce03.avrora.lan/art?key=39fa302c1a6b40e19020b376c9becb3b&stock=235&device=DeviceName&code=456&source=1
Response time:0.251467
---------------------------------------------------------------------------------------------------------------------------------------------------
2021-11-09 08:23:15,896 | INFO |
http://mpce03.avrora.lan/img?key=39fa302c1a6b40e19020b376c9becb3b&stock=235&device=DeviceName&code=456&sticker=1
Response time:0.251467
---------------------------------------------------------------------------------------------------------------------------------------------------
2021-11-09 08:23:19,730 | INFO |
http://mpce03.avrora.lan/art?key=39fa302c1a6b40e19020b376c9becb3b&stock=235&device=DeviceName&code=7812&source=1
Response time:0.047299
---------------------------------------------------------------------------------------------------------------------------------------------------
2021-11-09 08:23:19,780 | INFO |
http://mpce03.avrora.lan/img?key=39fa302c1a6b40e19020b376c9becb3b&stock=235&device=DeviceName&code=7812&sticker=1
Response time:0.047299
---------------------------------------------------------------------------------------------------------------------------------------------------
2021-11-09 08:23:34,286 | INFO |
http://mpce03.avrora.lan/art?key=39fa302c1a6b40e19020b376c9becb3b&stock=235&device=DeviceName&barcode=7770003906669
Response time:0.051263
---------------------------------------------------------------------------------------------------------------------------------------------------
2021-11-09 08:23:34,332 | INFO |
http://mpce03.avrora.lan/card?key=39fa302c1a6b40e19020b376c9becb3b&stock=235&device=DeviceName&card=7770003906669&source=1
Response time:0.051263
---------------------------------------------------------------------------------------------------------------------------------------------------
2021-11-09 08:24:18,688 | INFO |
http://mpce03.avrora.lan/art?key=39fa302c1a6b40e19020b376c9becb3b&stock=235&device=DeviceName&code=54&source=1
Response time:0.126866
---------------------------------------------------------------------------------------------------------------------------------------------------
2021-11-09 08:24:18,750 | INFO |
http://mpce03.avrora.lan/img?key=39fa302c1a6b40e19020b376c9becb3b&stock=235&device=DeviceName&code=54&sticker=1
Response time:0.126866
---------------------------------------------------------------------------------------------------------------------------------------------------
2021-11-09 08:32:45,272 | INFO |
Starting
---------------------------------------------------------------------------------------------------------------------------------------------------
2021-11-09 08:45:25,669 | INFO |
Starting
---------------------------------------------------------------------------------------------------------------------------------------------------
2021-11-09 08:45:34,597 | INFO |
http://mpce03.avrora.lan/art?key=39fa302c1a6b40e19020b376c9becb3b&stock=235&device=DeviceName&code=43&source=1
Response time:0.041364
---------------------------------------------------------------------------------------------------------------------------------------------------
2021-11-09 08:45:34,640 | INFO |
http://mpce03.avrora.lan/img?key=39fa302c1a6b40e19020b376c9becb3b&stock=235&device=DeviceName&code=43&sticker=1
Response time:0.041364
---------------------------------------------------------------------------------------------------------------------------------------------------
2021-11-09 08:46:00,187 | INFO |
http://mpce03.avrora.lan/art?key=39fa302c1a6b40e19020b376c9becb3b&stock=235&device=DeviceName&code=21213&source=1
Response time:0.048547
---------------------------------------------------------------------------------------------------------------------------------------------------
2021-11-09 08:46:00,236 | INFO |
http://mpce03.avrora.lan/img?key=39fa302c1a6b40e19020b376c9becb3b&stock=235&device=DeviceName&code=21213&sticker=1
Response time:0.048547
---------------------------------------------------------------------------------------------------------------------------------------------------
2021-11-09 08:47:27,632 | INFO |
Starting
---------------------------------------------------------------------------------------------------------------------------------------------------
2021-11-09 08:49:36,830 | INFO |
http://mpce03.avrora.lan/art?key=39fa302c1a6b40e19020b376c9becb3b&stock=235&device=DeviceName&code=656&source=1
Response time:0.056403
---------------------------------------------------------------------------------------------------------------------------------------------------
2021-11-09 08:49:37,090 | INFO |
http://mpce03.avrora.lan/img?key=39fa302c1a6b40e19020b376c9becb3b&stock=235&device=DeviceName&code=656&sticker=1
Response time:0.056403
---------------------------------------------------------------------------------------------------------------------------------------------------
2021-11-09 08:49:40,472 | INFO |
http://mpce03.avrora.lan/art?key=39fa302c1a6b40e19020b376c9becb3b&stock=235&device=DeviceName&code=345&source=1
Response time:0.045333
---------------------------------------------------------------------------------------------------------------------------------------------------
2021-11-09 08:49:41,102 | INFO |
http://mpce03.avrora.lan/img?key=39fa302c1a6b40e19020b376c9becb3b&stock=235&device=DeviceName&code=345&sticker=1
Response time:0.045333
---------------------------------------------------------------------------------------------------------------------------------------------------
2021-11-09 08:49:56,169 | INFO |
http://mpce03.avrora.lan/art?key=39fa302c1a6b40e19020b376c9becb3b&stock=235&device=DeviceName&code=4345&source=1
Response time:0.046717
---------------------------------------------------------------------------------------------------------------------------------------------------
2021-11-09 08:49:56,221 | INFO |
http://mpce03.avrora.lan/img?key=39fa302c1a6b40e19020b376c9becb3b&stock=235&device=DeviceName&code=4345&sticker=1
Response time:0.046717
---------------------------------------------------------------------------------------------------------------------------------------------------
2021-11-09 08:49:57,601 | INFO |
http://mpce03.avrora.lan/art?key=39fa302c1a6b40e19020b376c9becb3b&stock=235&device=DeviceName&code=23&source=1
Response time:0.045712
---------------------------------------------------------------------------------------------------------------------------------------------------
2021-11-09 08:49:57,644 | INFO |
http://mpce03.avrora.lan/img?key=39fa302c1a6b40e19020b376c9becb3b&stock=235&device=DeviceName&code=23&sticker=1
Response time:0.045712
---------------------------------------------------------------------------------------------------------------------------------------------------
2021-11-09 08:51:11,245 | INFO |
Starting
---------------------------------------------------------------------------------------------------------------------------------------------------
2021-11-09 08:51:35,938 | INFO |
http://mpce03.avrora.lan/art?key=39fa302c1a6b40e19020b376c9becb3b&stock=235&device=DeviceName&code=89896&source=1
Response time:0.043658
---------------------------------------------------------------------------------------------------------------------------------------------------
2021-11-09 08:51:35,985 | INFO |
http://mpce03.avrora.lan/card?key=39fa302c1a6b40e19020b376c9becb3b&stock=235&device=DeviceName&card=89896&source=1
Response time:0.043658
---------------------------------------------------------------------------------------------------------------------------------------------------
2021-11-09 08:54:11,334 | ERROR |
Servers connection error
---------------------------------------------------------------------------------------------------------------------------------------------------
2021-11-09 08:55:11,348 | ERROR |
Servers connection error
---------------------------------------------------------------------------------------------------------------------------------------------------
2021-11-09 08:56:11,343 | ERROR |
Servers connection error
---------------------------------------------------------------------------------------------------------------------------------------------------
2021-11-09 08:57:11,361 | ERROR |
Servers connection error
---------------------------------------------------------------------------------------------------------------------------------------------------
2021-11-09 08:58:11,361 | ERROR |
Servers connection error
---------------------------------------------------------------------------------------------------------------------------------------------------
2021-11-09 08:59:11,367 | ERROR |
Servers connection error
---------------------------------------------------------------------------------------------------------------------------------------------------
2021-11-09 09:00:11,363 | ERROR |
Servers connection error
---------------------------------------------------------------------------------------------------------------------------------------------------
2021-11-09 09:01:11,366 | ERROR |
Servers connection error
---------------------------------------------------------------------------------------------------------------------------------------------------
2021-11-09 09:02:11,365 | ERROR |
Servers connection error
---------------------------------------------------------------------------------------------------------------------------------------------------
2021-11-09 09:03:11,364 | ERROR |
Servers connection error
---------------------------------------------------------------------------------------------------------------------------------------------------
2021-11-09 09:04:11,363 | ERROR |
Servers connection error
---------------------------------------------------------------------------------------------------------------------------------------------------
2021-11-09 09:05:11,364 | ERROR |
Servers connection error
---------------------------------------------------------------------------------------------------------------------------------------------------
2021-11-09 09:06:11,368 | ERROR |
Servers connection error
---------------------------------------------------------------------------------------------------------------------------------------------------
2021-11-09 09:07:11,370 | ERROR |
Servers connection error
---------------------------------------------------------------------------------------------------------------------------------------------------
2021-11-09 09:08:11,370 | ERROR |
Servers connection error
---------------------------------------------------------------------------------------------------------------------------------------------------
2021-11-09 09:09:11,368 | ERROR |
Servers connection error
---------------------------------------------------------------------------------------------------------------------------------------------------
2021-11-09 09:10:11,348 | ERROR |
Servers connection error
---------------------------------------------------------------------------------------------------------------------------------------------------
2021-11-09 09:11:11,347 | ERROR |
Servers connection error
---------------------------------------------------------------------------------------------------------------------------------------------------
2021-11-09 09:12:11,366 | ERROR |
Servers connection error
---------------------------------------------------------------------------------------------------------------------------------------------------
2021-11-09 09:13:11,365 | ERROR |
Servers connection error
---------------------------------------------------------------------------------------------------------------------------------------------------
2021-11-09 09:14:11,344 | ERROR |
Servers connection error
---------------------------------------------------------------------------------------------------------------------------------------------------
2021-11-09 09:15:11,369 | ERROR |
Servers connection error
---------------------------------------------------------------------------------------------------------------------------------------------------
2021-11-09 09:16:11,352 | ERROR |
Servers connection error
---------------------------------------------------------------------------------------------------------------------------------------------------
2021-11-09 09:18:32,612 | INFO |
Starting
---------------------------------------------------------------------------------------------------------------------------------------------------
2021-11-09 09:18:39,862 | INFO |
http://mpce03.avrora.lan/art?key=39fa302c1a6b40e19020b376c9becb3b&stock=235&device=DeviceName&code=234&source=1
Response time:0.092013
---------------------------------------------------------------------------------------------------------------------------------------------------
2021-11-09 09:18:39,915 | INFO |
http://mpce03.avrora.lan/img?key=39fa302c1a6b40e19020b376c9becb3b&stock=235&device=DeviceName&code=234&sticker=1
Response time:0.092013
---------------------------------------------------------------------------------------------------------------------------------------------------
2021-11-09 09:24:04,329 | INFO |
Starting
---------------------------------------------------------------------------------------------------------------------------------------------------
2021-11-09 09:29:14,319 | INFO |
Starting
---------------------------------------------------------------------------------------------------------------------------------------------------
2021-11-09 09:32:13,108 | INFO |
Starting
---------------------------------------------------------------------------------------------------------------------------------------------------
2021-11-09 09:33:50,285 | INFO |
Starting
---------------------------------------------------------------------------------------------------------------------------------------------------
2021-11-09 09:35:22,742 | INFO |
Starting
---------------------------------------------------------------------------------------------------------------------------------------------------
2021-11-09 09:35:54,176 | INFO |
http://mpce03.avrora.lan/art?key=39fa302c1a6b40e19020b376c9becb3b&stock=235&device=DeviceName&code=6&source=1
Response time:0.054082
---------------------------------------------------------------------------------------------------------------------------------------------------
2021-11-09 09:35:54,240 | INFO |
http://mpce03.avrora.lan/img?key=39fa302c1a6b40e19020b376c9becb3b&stock=235&device=DeviceName&code=6&sticker=1
Response time:0.054082
---------------------------------------------------------------------------------------------------------------------------------------------------
2021-11-09 09:37:12,935 | INFO |
http://mpce04.avrora.lan/art?key=39fa302c1a6b40e19020b376c9becb3b&stock=235&device=DeviceName&code=4356&source=1
Response time:0.135089
---------------------------------------------------------------------------------------------------------------------------------------------------
2021-11-09 09:37:13,055 | INFO |
http://mpce04.avrora.lan/img?key=39fa302c1a6b40e19020b376c9becb3b&stock=235&device=DeviceName&code=4356&sticker=1
Response time:0.135089
---------------------------------------------------------------------------------------------------------------------------------------------------
2021-11-09 09:37:15,519 | INFO |
http://mpce04.avrora.lan/art?key=39fa302c1a6b40e19020b376c9becb3b&stock=235&device=DeviceName&code=34&source=1
Response time:0.119257
---------------------------------------------------------------------------------------------------------------------------------------------------
2021-11-09 09:37:15,648 | INFO |
http://mpce04.avrora.lan/img?key=39fa302c1a6b40e19020b376c9becb3b&stock=235&device=DeviceName&code=34&sticker=1
Response time:0.119257
---------------------------------------------------------------------------------------------------------------------------------------------------
2021-11-09 09:37:17,600 | INFO |
http://mpce04.avrora.lan/art?key=39fa302c1a6b40e19020b376c9becb3b&stock=235&device=DeviceName&code=45&source=1
Response time:0.120869
---------------------------------------------------------------------------------------------------------------------------------------------------
2021-11-09 09:37:17,712 | INFO |
http://mpce04.avrora.lan/img?key=39fa302c1a6b40e19020b376c9becb3b&stock=235&device=DeviceName&code=45&sticker=1
Response time:0.120869
---------------------------------------------------------------------------------------------------------------------------------------------------
2021-11-09 09:37:19,548 | INFO |
http://mpce04.avrora.lan/art?key=39fa302c1a6b40e19020b376c9becb3b&stock=235&device=DeviceName&code=65&source=1
Response time:0.549048
---------------------------------------------------------------------------------------------------------------------------------------------------
2021-11-09 09:37:19,759 | INFO |
http://mpce04.avrora.lan/img?key=39fa302c1a6b40e19020b376c9becb3b&stock=235&device=DeviceName&code=65&sticker=1
Response time:0.549048
---------------------------------------------------------------------------------------------------------------------------------------------------
2021-11-09 09:37:20,420 | INFO |
http://mpce04.avrora.lan/art?key=39fa302c1a6b40e19020b376c9becb3b&stock=235&device=DeviceName&code=34&source=1
Response time:0.172706
---------------------------------------------------------------------------------------------------------------------------------------------------
2021-11-09 09:37:20,538 | INFO |
http://mpce04.avrora.lan/img?key=39fa302c1a6b40e19020b376c9becb3b&stock=235&device=DeviceName&code=34&sticker=1
Response time:0.172706
---------------------------------------------------------------------------------------------------------------------------------------------------
2021-11-09 09:37:23,427 | INFO |
http://mpce03.avrora.lan/art?key=39fa302c1a6b40e19020b376c9becb3b&stock=235&device=DeviceName&code=455&source=1
Response time:0.044606
---------------------------------------------------------------------------------------------------------------------------------------------------
2021-11-09 09:37:23,530 | INFO |
http://mpce03.avrora.lan/img?key=39fa302c1a6b40e19020b376c9becb3b&stock=235&device=DeviceName&code=455&sticker=1
Response time:0.044606
---------------------------------------------------------------------------------------------------------------------------------------------------
2021-11-09 09:37:28,231 | INFO |
http://mpce03.avrora.lan/art?key=39fa302c1a6b40e19020b376c9becb3b&stock=235&device=DeviceName&code=544555423123&source=1
Response time:0.048393
---------------------------------------------------------------------------------------------------------------------------------------------------
2021-11-09 09:37:28,278 | INFO |
http://mpce03.avrora.lan/card?key=39fa302c1a6b40e19020b376c9becb3b&stock=235&device=DeviceName&card=544555423123&source=1
Response time:0.048393
---------------------------------------------------------------------------------------------------------------------------------------------------
2021-11-09 09:37:31,316 | INFO |
http://mpce03.avrora.lan/art?key=39fa302c1a6b40e19020b376c9becb3b&stock=235&device=DeviceName&code=123123435&source=1
Response time:0.045246
---------------------------------------------------------------------------------------------------------------------------------------------------
2021-11-09 09:37:31,362 | INFO |
http://mpce03.avrora.lan/card?key=39fa302c1a6b40e19020b376c9becb3b&stock=235&device=DeviceName&card=123123435&source=1
Response time:0.045246
---------------------------------------------------------------------------------------------------------------------------------------------------
2021-11-09 09:37:44,098 | INFO |
http://mpce03.avrora.lan/art?key=39fa302c1a6b40e19020b376c9becb3b&stock=235&device=DeviceName&barcode=55554333443343443434234234345334
Response time:0.051114
---------------------------------------------------------------------------------------------------------------------------------------------------
2021-11-09 09:37:44,143 | INFO |
http://mpce03.avrora.lan/card?key=39fa302c1a6b40e19020b376c9becb3b&stock=235&device=DeviceName&card=55554333443343443434234234345334&source=1
Response time:0.051114
---------------------------------------------------------------------------------------------------------------------------------------------------
2021-11-09 09:37:46,080 | INFO |
http://mpce03.avrora.lan/art?key=39fa302c1a6b40e19020b376c9becb3b&stock=235&device=DeviceName&code=43&source=1
Response time:0.050056
---------------------------------------------------------------------------------------------------------------------------------------------------
2021-11-09 09:37:46,131 | INFO |
http://mpce03.avrora.lan/img?key=39fa302c1a6b40e19020b376c9becb3b&stock=235&device=DeviceName&code=43&sticker=1
Response time:0.050056
---------------------------------------------------------------------------------------------------------------------------------------------------
2021-11-09 09:37:55,075 | INFO |
http://mpce03.avrora.lan/art?key=39fa302c1a6b40e19020b376c9becb3b&stock=235&device=DeviceName&code=433344554&source=1
Response time:0.044504
---------------------------------------------------------------------------------------------------------------------------------------------------
2021-11-09 09:37:55,119 | INFO |
http://mpce03.avrora.lan/card?key=39fa302c1a6b40e19020b376c9becb3b&stock=235&device=DeviceName&card=433344554&source=1
Response time:0.044504
---------------------------------------------------------------------------------------------------------------------------------------------------
2021-11-09 09:37:58,233 | INFO |
http://mpce03.avrora.lan/art?key=39fa302c1a6b40e19020b376c9becb3b&stock=235&device=DeviceName&code=34&source=1
Response time:0.195331
---------------------------------------------------------------------------------------------------------------------------------------------------
2021-11-09 09:37:58,303 | INFO |
http://mpce03.avrora.lan/img?key=39fa302c1a6b40e19020b376c9becb3b&stock=235&device=DeviceName&code=34&sticker=1
Response time:0.195331
---------------------------------------------------------------------------------------------------------------------------------------------------
2021-11-09 09:38:01,168 | INFO |
http://mpce03.avrora.lan/art?key=39fa302c1a6b40e19020b376c9becb3b&stock=235&device=DeviceName&code=34544&source=1
Response time:0.048938
---------------------------------------------------------------------------------------------------------------------------------------------------
2021-11-09 09:38:01,457 | INFO |
http://mpce03.avrora.lan/img?key=39fa302c1a6b40e19020b376c9becb3b&stock=235&device=DeviceName&code=34544&sticker=1
Response time:0.048938
---------------------------------------------------------------------------------------------------------------------------------------------------
2021-11-09 09:38:07,805 | INFO |
http://mpce03.avrora.lan/art?key=39fa302c1a6b40e19020b376c9becb3b&stock=235&device=DeviceName&code=34544&source=1
Response time:0.133506
---------------------------------------------------------------------------------------------------------------------------------------------------
2021-11-09 09:38:08,457 | INFO |
http://mpce03.avrora.lan/img?key=39fa302c1a6b40e19020b376c9becb3b&stock=235&device=DeviceName&code=34544&sticker=1
Response time:0.133506
---------------------------------------------------------------------------------------------------------------------------------------------------
2021-11-09 09:38:43,105 | INFO |
http://mpce03.avrora.lan/art?key=39fa302c1a6b40e19020b376c9becb3b&stock=235&device=DeviceName&code=4555&source=1
Response time:0.049302
---------------------------------------------------------------------------------------------------------------------------------------------------
2021-11-09 09:38:43,165 | INFO |
http://mpce03.avrora.lan/img?key=39fa302c1a6b40e19020b376c9becb3b&stock=235&device=DeviceName&code=4555&sticker=1
Response time:0.049302
---------------------------------------------------------------------------------------------------------------------------------------------------
2021-11-09 09:38:54,082 | INFO |
http://mpce03.avrora.lan/art?key=39fa302c1a6b40e19020b376c9becb3b&stock=235&device=DeviceName&code=3545&source=1
Response time:0.051398
---------------------------------------------------------------------------------------------------------------------------------------------------
2021-11-09 09:38:54,126 | INFO |
http://mpce03.avrora.lan/img?key=39fa302c1a6b40e19020b376c9becb3b&stock=235&device=DeviceName&code=3545&sticker=1
Response time:0.051398
---------------------------------------------------------------------------------------------------------------------------------------------------
2021-11-09 09:39:11,600 | INFO |
http://mpce03.avrora.lan/art?key=39fa302c1a6b40e19020b376c9becb3b&stock=235&device=DeviceName&code=213123&source=1
Response time:0.120753
---------------------------------------------------------------------------------------------------------------------------------------------------
2021-11-09 09:39:11,647 | INFO |
http://mpce03.avrora.lan/card?key=39fa302c1a6b40e19020b376c9becb3b&stock=235&device=DeviceName&card=213123&source=1
Response time:0.120753
---------------------------------------------------------------------------------------------------------------------------------------------------
2021-11-09 09:39:13,857 | INFO |
http://mpce03.avrora.lan/art?key=39fa302c1a6b40e19020b376c9becb3b&stock=235&device=DeviceName&code=34543&source=1
Response time:0.049942
---------------------------------------------------------------------------------------------------------------------------------------------------
2021-11-09 09:39:13,974 | INFO |
http://mpce03.avrora.lan/img?key=39fa302c1a6b40e19020b376c9becb3b&stock=235&device=DeviceName&code=34543&sticker=1
Response time:0.049942
---------------------------------------------------------------------------------------------------------------------------------------------------
2021-11-09 09:39:52,617 | INFO |
http://mpce03.avrora.lan/art?key=39fa302c1a6b40e19020b376c9becb3b&stock=235&device=DeviceName&code=3434522&source=1
Response time:0.049325
---------------------------------------------------------------------------------------------------------------------------------------------------
2021-11-09 09:39:52,673 | INFO |
http://mpce03.avrora.lan/card?key=39fa302c1a6b40e19020b376c9becb3b&stock=235&device=DeviceName&card=3434522&source=1
Response time:0.049325
---------------------------------------------------------------------------------------------------------------------------------------------------
2021-11-09 09:39:55,082 | INFO |
http://mpce03.avrora.lan/art?key=39fa302c1a6b40e19020b376c9becb3b&stock=235&device=DeviceName&code=443&source=1
Response time:0.044513
---------------------------------------------------------------------------------------------------------------------------------------------------
2021-11-09 09:39:55,131 | INFO |
http://mpce03.avrora.lan/img?key=39fa302c1a6b40e19020b376c9becb3b&stock=235&device=DeviceName&code=443&sticker=1
Response time:0.044513
---------------------------------------------------------------------------------------------------------------------------------------------------
2021-11-09 09:39:58,910 | INFO |
http://mpce03.avrora.lan/art?key=39fa302c1a6b40e19020b376c9becb3b&stock=235&device=DeviceName&code=454534&source=1
Response time:0.047527
---------------------------------------------------------------------------------------------------------------------------------------------------
2021-11-09 09:39:58,961 | INFO |
http://mpce03.avrora.lan/card?key=39fa302c1a6b40e19020b376c9becb3b&stock=235&device=DeviceName&card=454534&source=1
Response time:0.047527
---------------------------------------------------------------------------------------------------------------------------------------------------
2021-11-09 09:40:42,729 | INFO |
Starting
---------------------------------------------------------------------------------------------------------------------------------------------------
2021-11-09 09:41:26,101 | INFO |
Starting
---------------------------------------------------------------------------------------------------------------------------------------------------
2021-11-09 09:42:22,946 | INFO |
http://mpce04.avrora.lan/art?key=39fa302c1a6b40e19020b376c9becb3b&stock=235&device=DeviceName&code=4343123&source=1
Response time:0.112127
---------------------------------------------------------------------------------------------------------------------------------------------------
2021-11-09 09:42:23,083 | INFO |
http://mpce04.avrora.lan/card?key=39fa302c1a6b40e19020b376c9becb3b&stock=235&device=DeviceName&card=4343123&source=1
Response time:0.112127
---------------------------------------------------------------------------------------------------------------------------------------------------
2021-11-09 09:42:24,732 | INFO |
http://mpce04.avrora.lan/art?key=39fa302c1a6b40e19020b376c9becb3b&stock=235&device=DeviceName&code=213&source=1
Response time:0.116408
---------------------------------------------------------------------------------------------------------------------------------------------------
2021-11-09 09:42:25,721 | INFO |
http://mpce04.avrora.lan/img?key=39fa302c1a6b40e19020b376c9becb3b&stock=235&device=DeviceName&code=213&sticker=1
Response time:0.116408
---------------------------------------------------------------------------------------------------------------------------------------------------
2021-11-09 09:44:00,195 | INFO |
Starting
---------------------------------------------------------------------------------------------------------------------------------------------------
2021-11-09 09:47:15,681 | INFO |
http://mpce03.avrora.lan/art?key=39fa302c1a6b40e19020b376c9becb3b&stock=235&device=DeviceName&code=56556&source=1
Response time:0.046923
---------------------------------------------------------------------------------------------------------------------------------------------------
2021-11-09 09:47:16,005 | INFO |
http://mpce03.avrora.lan/img?key=39fa302c1a6b40e19020b376c9becb3b&stock=235&device=DeviceName&code=56556&sticker=1
Response time:0.046923
---------------------------------------------------------------------------------------------------------------------------------------------------
2021-11-09 09:47:48,475 | INFO |
http://mpce03.avrora.lan/art?key=39fa302c1a6b40e19020b376c9becb3b&stock=235&device=DeviceName&code=5644&source=1
Response time:0.052196
---------------------------------------------------------------------------------------------------------------------------------------------------
2021-11-09 09:47:48,523 | INFO |
http://mpce03.avrora.lan/img?key=39fa302c1a6b40e19020b376c9becb3b&stock=235&device=DeviceName&code=5644&sticker=1
Response time:0.052196
---------------------------------------------------------------------------------------------------------------------------------------------------
2021-11-09 09:54:13,710 | INFO |
http://mpce03.avrora.lan/art?key=39fa302c1a6b40e19020b376c9becb3b&stock=235&device=DeviceName&code=345&source=1
Response time:0.056055
---------------------------------------------------------------------------------------------------------------------------------------------------
2021-11-09 09:54:14,239 | INFO |
http://mpce03.avrora.lan/img?key=39fa302c1a6b40e19020b376c9becb3b&stock=235&device=DeviceName&code=345&sticker=1
Response time:0.056055
---------------------------------------------------------------------------------------------------------------------------------------------------
2021-11-09 09:54:38,343 | INFO |
http://mpce03.avrora.lan/art?key=39fa302c1a6b40e19020b376c9becb3b&stock=235&device=DeviceName&code=3223343&source=1
Response time:0.136375
---------------------------------------------------------------------------------------------------------------------------------------------------
2021-11-09 09:54:38,392 | INFO |
http://mpce03.avrora.lan/card?key=39fa302c1a6b40e19020b376c9becb3b&stock=235&device=DeviceName&card=3223343&source=1
Response time:0.136375
---------------------------------------------------------------------------------------------------------------------------------------------------
2021-11-09 09:54:54,771 | INFO |
http://mpce03.avrora.lan/art?key=39fa302c1a6b40e19020b376c9becb3b&stock=235&device=DeviceName&code=456&source=1
Response time:0.045113
---------------------------------------------------------------------------------------------------------------------------------------------------
2021-11-09 09:54:54,818 | INFO |
http://mpce03.avrora.lan/img?key=39fa302c1a6b40e19020b376c9becb3b&stock=235&device=DeviceName&code=456&sticker=1
Response time:0.045113
---------------------------------------------------------------------------------------------------------------------------------------------------
2021-11-09 09:54:55,000 | INFO |
http://mpce03.avrora.lan/art?key=39fa302c1a6b40e19020b376c9becb3b&stock=235&device=DeviceName&code=546&source=1
Response time:0.0497
---------------------------------------------------------------------------------------------------------------------------------------------------
2021-11-09 09:54:55,048 | INFO |
http://mpce03.avrora.lan/img?key=39fa302c1a6b40e19020b376c9becb3b&stock=235&device=DeviceName&code=546&sticker=1
Response time:0.0497
---------------------------------------------------------------------------------------------------------------------------------------------------
2021-11-09 09:54:57,795 | INFO |
http://mpce03.avrora.lan/art?key=39fa302c1a6b40e19020b376c9becb3b&stock=235&device=DeviceName&code=34&source=1
Response time:0.060644
---------------------------------------------------------------------------------------------------------------------------------------------------
2021-11-09 09:54:57,934 | INFO |
http://mpce03.avrora.lan/img?key=39fa302c1a6b40e19020b376c9becb3b&stock=235&device=DeviceName&code=34&sticker=1
Response time:0.060644
---------------------------------------------------------------------------------------------------------------------------------------------------
2021-11-09 09:54:59,417 | INFO |
http://mpce03.avrora.lan/art?key=39fa302c1a6b40e19020b376c9becb3b&stock=235&device=DeviceName&code=345646&source=1
Response time:0.09933
---------------------------------------------------------------------------------------------------------------------------------------------------
2021-11-09 09:54:59,549 | INFO |
http://mpce03.avrora.lan/card?key=39fa302c1a6b40e19020b376c9becb3b&stock=235&device=DeviceName&card=345646&source=1
Response time:0.09933
---------------------------------------------------------------------------------------------------------------------------------------------------
2021-11-09 09:55:00,786 | INFO |
http://mpce03.avrora.lan/art?key=39fa302c1a6b40e19020b376c9becb3b&stock=235&device=DeviceName&code=46464&source=1
Response time:0.052472
---------------------------------------------------------------------------------------------------------------------------------------------------
2021-11-09 09:55:00,992 | INFO |
http://mpce03.avrora.lan/img?key=39fa302c1a6b40e19020b376c9becb3b&stock=235&device=DeviceName&code=46464&sticker=1
Response time:0.052472
---------------------------------------------------------------------------------------------------------------------------------------------------
2021-11-09 09:55:13,976 | INFO |
http://mpce03.avrora.lan/art?key=39fa302c1a6b40e19020b376c9becb3b&stock=235&device=DeviceName&code=456456456&source=1
Response time:0.049484
---------------------------------------------------------------------------------------------------------------------------------------------------
2021-11-09 09:55:14,022 | INFO |
http://mpce03.avrora.lan/card?key=39fa302c1a6b40e19020b376c9becb3b&stock=235&device=DeviceName&card=456456456&source=1
Response time:0.049484
---------------------------------------------------------------------------------------------------------------------------------------------------
2021-11-09 09:55:17,040 | INFO |
http://mpce03.avrora.lan/art?key=39fa302c1a6b40e19020b376c9becb3b&stock=235&device=DeviceName&code=546&source=1
Response time:0.050428
---------------------------------------------------------------------------------------------------------------------------------------------------
2021-11-09 09:55:17,086 | INFO |
http://mpce03.avrora.lan/img?key=39fa302c1a6b40e19020b376c9becb3b&stock=235&device=DeviceName&code=546&sticker=1
Response time:0.050428
---------------------------------------------------------------------------------------------------------------------------------------------------
2021-11-09 09:55:22,615 | INFO |
http://mpce03.avrora.lan/art?key=39fa302c1a6b40e19020b376c9becb3b&stock=235&device=DeviceName&code=4564656&source=1
Response time:0.049328
---------------------------------------------------------------------------------------------------------------------------------------------------
2021-11-09 09:55:22,657 | INFO |
http://mpce03.avrora.lan/card?key=39fa302c1a6b40e19020b376c9becb3b&stock=235&device=DeviceName&card=4564656&source=1
Response time:0.049328
---------------------------------------------------------------------------------------------------------------------------------------------------
2021-11-09 10:00:33,481 | INFO |
http://mpce03.avrora.lan/art?key=39fa302c1a6b40e19020b376c9becb3b&stock=235&device=DeviceName&code=455&source=1
Response time:0.051108
---------------------------------------------------------------------------------------------------------------------------------------------------
2021-11-09 10:00:33,526 | INFO |
http://mpce03.avrora.lan/img?key=39fa302c1a6b40e19020b376c9becb3b&stock=235&device=DeviceName&code=455&sticker=1
Response time:0.051108
---------------------------------------------------------------------------------------------------------------------------------------------------
2021-11-09 10:00:37,657 | INFO |
http://mpce03.avrora.lan/art?key=39fa302c1a6b40e19020b376c9becb3b&stock=235&device=DeviceName&code=434&source=1
Response time:0.04407
---------------------------------------------------------------------------------------------------------------------------------------------------
2021-11-09 10:00:38,601 | INFO |
http://mpce03.avrora.lan/img?key=39fa302c1a6b40e19020b376c9becb3b&stock=235&device=DeviceName&code=434&sticker=1
Response time:0.04407
---------------------------------------------------------------------------------------------------------------------------------------------------
2021-11-09 10:00:40,734 | INFO |
http://mpce03.avrora.lan/art?key=39fa302c1a6b40e19020b376c9becb3b&stock=235&device=DeviceName&code=544&source=1
Response time:0.048686
---------------------------------------------------------------------------------------------------------------------------------------------------
2021-11-09 10:00:40,779 | INFO |
http://mpce03.avrora.lan/card?key=39fa302c1a6b40e19020b376c9becb3b&stock=235&device=DeviceName&card=544&source=1
Response time:0.048686
---------------------------------------------------------------------------------------------------------------------------------------------------
2021-11-09 10:00:55,751 | INFO |
http://mpce03.avrora.lan/art?key=39fa302c1a6b40e19020b376c9becb3b&stock=235&device=DeviceName&code=23&source=1
Response time:0.049514
---------------------------------------------------------------------------------------------------------------------------------------------------
2021-11-09 10:00:55,796 | INFO |
http://mpce03.avrora.lan/img?key=39fa302c1a6b40e19020b376c9becb3b&stock=235&device=DeviceName&code=23&sticker=1
Response time:0.049514
---------------------------------------------------------------------------------------------------------------------------------------------------
2021-11-09 10:00:59,388 | INFO |
http://mpce03.avrora.lan/art?key=39fa302c1a6b40e19020b376c9becb3b&stock=235&device=DeviceName&code=12&source=1
Response time:0.046717
---------------------------------------------------------------------------------------------------------------------------------------------------
2021-11-09 10:00:59,438 | INFO |
http://mpce03.avrora.lan/img?key=39fa302c1a6b40e19020b376c9becb3b&stock=235&device=DeviceName&code=12&sticker=1
Response time:0.046717
---------------------------------------------------------------------------------------------------------------------------------------------------
2021-11-09 10:01:01,005 | INFO |
http://mpce03.avrora.lan/art?key=39fa302c1a6b40e19020b376c9becb3b&stock=235&device=DeviceName&code=34&source=1
Response time:0.055366
---------------------------------------------------------------------------------------------------------------------------------------------------
2021-11-09 10:01:01,063 | INFO |
http://mpce03.avrora.lan/img?key=39fa302c1a6b40e19020b376c9becb3b&stock=235&device=DeviceName&code=34&sticker=1
Response time:0.055366
---------------------------------------------------------------------------------------------------------------------------------------------------
2021-11-09 10:01:03,028 | INFO |
http://mpce03.avrora.lan/art?key=39fa302c1a6b40e19020b376c9becb3b&stock=235&device=DeviceName&code=23&source=1
Response time:0.04722
---------------------------------------------------------------------------------------------------------------------------------------------------
2021-11-09 10:01:03,078 | INFO |
http://mpce03.avrora.lan/img?key=39fa302c1a6b40e19020b376c9becb3b&stock=235&device=DeviceName&code=23&sticker=1
Response time:0.04722
---------------------------------------------------------------------------------------------------------------------------------------------------
2021-11-09 10:01:04,656 | INFO |
http://mpce03.avrora.lan/art?key=39fa302c1a6b40e19020b376c9becb3b&stock=235&device=DeviceName&code=34&source=1
Response time:0.049831
---------------------------------------------------------------------------------------------------------------------------------------------------
2021-11-09 10:01:04,699 | INFO |
http://mpce03.avrora.lan/img?key=39fa302c1a6b40e19020b376c9becb3b&stock=235&device=DeviceName&code=34&sticker=1
Response time:0.049831
---------------------------------------------------------------------------------------------------------------------------------------------------
2021-11-09 10:01:05,728 | INFO |
http://mpce03.avrora.lan/art?key=39fa302c1a6b40e19020b376c9becb3b&stock=235&device=DeviceName&code=54&source=1
Response time:0.051606
---------------------------------------------------------------------------------------------------------------------------------------------------
2021-11-09 10:01:05,776 | INFO |
http://mpce03.avrora.lan/img?key=39fa302c1a6b40e19020b376c9becb3b&stock=235&device=DeviceName&code=54&sticker=1
Response time:0.051606
---------------------------------------------------------------------------------------------------------------------------------------------------
2021-11-09 10:01:06,833 | INFO |
http://mpce03.avrora.lan/art?key=39fa302c1a6b40e19020b376c9becb3b&stock=235&device=DeviceName&code=65&source=1
Response time:0.052456
---------------------------------------------------------------------------------------------------------------------------------------------------
2021-11-09 10:01:06,882 | INFO |
http://mpce03.avrora.lan/img?key=39fa302c1a6b40e19020b376c9becb3b&stock=235&device=DeviceName&code=65&sticker=1
Response time:0.052456
---------------------------------------------------------------------------------------------------------------------------------------------------
2021-11-09 10:01:08,944 | INFO |
http://mpce03.avrora.lan/art?key=39fa302c1a6b40e19020b376c9becb3b&stock=235&device=DeviceName&code=34&source=1
Response time:0.050557
---------------------------------------------------------------------------------------------------------------------------------------------------
2021-11-09 10:01:08,992 | INFO |
http://mpce03.avrora.lan/img?key=39fa302c1a6b40e19020b376c9becb3b&stock=235&device=DeviceName&code=34&sticker=1
Response time:0.050557
---------------------------------------------------------------------------------------------------------------------------------------------------
2021-11-09 10:06:14,697 | INFO |
Starting
---------------------------------------------------------------------------------------------------------------------------------------------------
2021-11-09 10:09:49,659 | INFO |
Starting
---------------------------------------------------------------------------------------------------------------------------------------------------
2021-11-09 10:10:26,510 | INFO |
Starting
---------------------------------------------------------------------------------------------------------------------------------------------------
2021-11-09 10:10:47,467 | INFO |
Starting
---------------------------------------------------------------------------------------------------------------------------------------------------
2021-11-09 10:12:45,048 | INFO |
Starting
---------------------------------------------------------------------------------------------------------------------------------------------------
2021-11-09 10:13:12,020 | INFO |
Starting
---------------------------------------------------------------------------------------------------------------------------------------------------
2021-11-09 10:13:55,348 | INFO |
Starting
---------------------------------------------------------------------------------------------------------------------------------------------------
2021-11-09 10:17:42,669 | INFO |
Starting
---------------------------------------------------------------------------------------------------------------------------------------------------
2021-11-09 10:18:46,627 | INFO |
http://mpce03.avrora.lan/art?key=39fa302c1a6b40e19020b376c9becb3b&stock=235&device=DeviceName&barcode=55555555556665467567567656756765756
Response time:0.202366
---------------------------------------------------------------------------------------------------------------------------------------------------
2021-11-09 10:18:46,678 | INFO |
http://mpce03.avrora.lan/card?key=39fa302c1a6b40e19020b376c9becb3b&stock=235&device=DeviceName&card=55555555556665467567567656756765756&source=1
Response time:0.202366
---------------------------------------------------------------------------------------------------------------------------------------------------
2021-11-09 10:19:06,031 | INFO |
http://mpce03.avrora.lan/art?key=39fa302c1a6b40e19020b376c9becb3b&stock=235&device=DeviceName&code=556755467&source=1
Response time:0.041499
---------------------------------------------------------------------------------------------------------------------------------------------------
2021-11-09 10:19:06,076 | INFO |
http://mpce03.avrora.lan/card?key=39fa302c1a6b40e19020b376c9becb3b&stock=235&device=DeviceName&card=556755467&source=1
Response time:0.041499
---------------------------------------------------------------------------------------------------------------------------------------------------
2021-11-09 10:20:09,007 | INFO |
http://mpce03.avrora.lan/art?key=39fa302c1a6b40e19020b376c9becb3b&stock=235&device=DeviceName&code=5456&source=1
Response time:0.050769
---------------------------------------------------------------------------------------------------------------------------------------------------
2021-11-09 10:20:09,055 | INFO |
http://mpce03.avrora.lan/img?key=39fa302c1a6b40e19020b376c9becb3b&stock=235&device=DeviceName&code=5456&sticker=1
Response time:0.050769
---------------------------------------------------------------------------------------------------------------------------------------------------
2021-11-09 10:20:19,867 | INFO |
http://mpce03.avrora.lan/art?key=39fa302c1a6b40e19020b376c9becb3b&stock=235&device=DeviceName&code=456&source=1
Response time:0.039343
---------------------------------------------------------------------------------------------------------------------------------------------------
2021-11-09 10:20:19,934 | INFO |
http://mpce03.avrora.lan/img?key=39fa302c1a6b40e19020b376c9becb3b&stock=235&device=DeviceName&code=456&sticker=1
Response time:0.039343
---------------------------------------------------------------------------------------------------------------------------------------------------
2021-11-09 10:20:26,655 | INFO |
http://mpce03.avrora.lan/art?key=39fa302c1a6b40e19020b376c9becb3b&stock=235&device=DeviceName&code=345&source=1
Response time:0.050554
---------------------------------------------------------------------------------------------------------------------------------------------------
2021-11-09 10:20:27,255 | INFO |
http://mpce03.avrora.lan/img?key=39fa302c1a6b40e19020b376c9becb3b&stock=235&device=DeviceName&code=345&sticker=1
Response time:0.050554
---------------------------------------------------------------------------------------------------------------------------------------------------
2021-11-09 10:20:37,372 | INFO |
http://mpce03.avrora.lan/art?key=39fa302c1a6b40e19020b376c9becb3b&stock=235&device=DeviceName&code=34&source=1
Response time:0.126951
---------------------------------------------------------------------------------------------------------------------------------------------------
2021-11-09 10:20:37,424 | INFO |
http://mpce03.avrora.lan/img?key=39fa302c1a6b40e19020b376c9becb3b&stock=235&device=DeviceName&code=34&sticker=1
Response time:0.126951
---------------------------------------------------------------------------------------------------------------------------------------------------
2021-11-09 10:20:46,253 | INFO |
http://mpce03.avrora.lan/art?key=39fa302c1a6b40e19020b376c9becb3b&stock=235&device=DeviceName&code=54456&source=1
Response time:0.072539
---------------------------------------------------------------------------------------------------------------------------------------------------
2021-11-09 10:20:46,389 | INFO |
http://mpce03.avrora.lan/img?key=39fa302c1a6b40e19020b376c9becb3b&stock=235&device=DeviceName&code=54456&sticker=1
Response time:0.072539
---------------------------------------------------------------------------------------------------------------------------------------------------
2021-11-09 10:20:49,074 | INFO |
http://mpce03.avrora.lan/art?key=39fa302c1a6b40e19020b376c9becb3b&stock=235&device=DeviceName&code=6&source=1
Response time:0.045946
---------------------------------------------------------------------------------------------------------------------------------------------------
2021-11-09 10:20:49,142 | INFO |
http://mpce03.avrora.lan/img?key=39fa302c1a6b40e19020b376c9becb3b&stock=235&device=DeviceName&code=6&sticker=1
Response time:0.045946
---------------------------------------------------------------------------------------------------------------------------------------------------
2021-11-09 10:20:58,112 | INFO |
http://mpce03.avrora.lan/art?key=39fa302c1a6b40e19020b376c9becb3b&stock=235&device=DeviceName&code=44&source=1
Response time:0.044252
---------------------------------------------------------------------------------------------------------------------------------------------------
2021-11-09 10:20:58,743 | INFO |
http://mpce03.avrora.lan/img?key=39fa302c1a6b40e19020b376c9becb3b&stock=235&device=DeviceName&code=44&sticker=1
Response time:0.044252
---------------------------------------------------------------------------------------------------------------------------------------------------
2021-11-09 10:21:52,732 | INFO |
http://mpce03.avrora.lan/art?key=39fa302c1a6b40e19020b376c9becb3b&stock=235&device=DeviceName&code=5&source=1
Response time:0.429957
---------------------------------------------------------------------------------------------------------------------------------------------------
2021-11-09 10:21:52,826 | INFO |
http://mpce03.avrora.lan/img?key=39fa302c1a6b40e19020b376c9becb3b&stock=235&device=DeviceName&code=5&sticker=1
Response time:0.429957
---------------------------------------------------------------------------------------------------------------------------------------------------
2021-11-09 10:23:01,304 | INFO |
Starting
---------------------------------------------------------------------------------------------------------------------------------------------------
2021-11-09 10:24:43,729 | INFO |
http://mpce04.avrora.lan/art?key=39fa302c1a6b40e19020b376c9becb3b&stock=235&device=DeviceName&code=34&source=1
Response time:0.112865
---------------------------------------------------------------------------------------------------------------------------------------------------
2021-11-09 10:24:43,842 | INFO |
http://mpce04.avrora.lan/img?key=39fa302c1a6b40e19020b376c9becb3b&stock=235&device=DeviceName&code=34&sticker=1
Response time:0.112865
---------------------------------------------------------------------------------------------------------------------------------------------------
2021-11-09 10:25:29,647 | INFO |
Starting
---------------------------------------------------------------------------------------------------------------------------------------------------
2021-11-09 10:36:14,901 | INFO |
Starting
---------------------------------------------------------------------------------------------------------------------------------------------------
2021-11-09 10:36:23,800 | INFO |
http://mpce04.avrora.lan/art?key=39fa302c1a6b40e19020b376c9becb3b&stock=235&device=DeviceName&code=34&source=1
Response time:0.112935
---------------------------------------------------------------------------------------------------------------------------------------------------
2021-11-09 10:36:23,911 | INFO |
http://mpce04.avrora.lan/img?key=39fa302c1a6b40e19020b376c9becb3b&stock=235&device=DeviceName&code=34&sticker=1
Response time:0.112935
---------------------------------------------------------------------------------------------------------------------------------------------------
2021-11-09 10:38:00,019 | INFO |
Starting
---------------------------------------------------------------------------------------------------------------------------------------------------
2021-11-09 10:42:25,123 | INFO |
Starting
---------------------------------------------------------------------------------------------------------------------------------------------------
2021-11-09 10:44:18,443 | INFO |
Starting
---------------------------------------------------------------------------------------------------------------------------------------------------
2021-11-09 10:46:06,731 | INFO |
Starting
---------------------------------------------------------------------------------------------------------------------------------------------------
2021-11-09 10:47:27,987 | INFO |
Starting
---------------------------------------------------------------------------------------------------------------------------------------------------
2021-11-09 10:48:54,146 | INFO |
http://mpce03.avrora.lan/art?key=39fa302c1a6b40e19020b376c9becb3b&stock=235&device=DeviceName&code=4&source=1
Response time:0.061391
---------------------------------------------------------------------------------------------------------------------------------------------------
2021-11-09 10:48:54,192 | INFO |
http://mpce03.avrora.lan/img?key=39fa302c1a6b40e19020b376c9becb3b&stock=235&device=DeviceName&code=4&sticker=1
Response time:0.061391
---------------------------------------------------------------------------------------------------------------------------------------------------
2021-11-09 10:48:55,714 | INFO |
http://mpce03.avrora.lan/art?key=39fa302c1a6b40e19020b376c9becb3b&stock=235&device=DeviceName&code=345&source=1
Response time:0.446802
---------------------------------------------------------------------------------------------------------------------------------------------------
2021-11-09 10:48:56,010 | INFO |
http://mpce03.avrora.lan/img?key=39fa302c1a6b40e19020b376c9becb3b&stock=235&device=DeviceName&code=345&sticker=1
Response time:0.446802
---------------------------------------------------------------------------------------------------------------------------------------------------
2021-11-09 10:48:57,530 | INFO |
http://mpce03.avrora.lan/art?key=39fa302c1a6b40e19020b376c9becb3b&stock=235&device=DeviceName&code=345&source=1
Response time:0.091144
---------------------------------------------------------------------------------------------------------------------------------------------------
2021-11-09 10:48:58,128 | INFO |
http://mpce03.avrora.lan/img?key=39fa302c1a6b40e19020b376c9becb3b&stock=235&device=DeviceName&code=345&sticker=1
Response time:0.091144
---------------------------------------------------------------------------------------------------------------------------------------------------
2021-11-09 10:49:59,231 | INFO |
Starting
---------------------------------------------------------------------------------------------------------------------------------------------------
2021-11-09 10:50:57,273 | INFO |
Starting
---------------------------------------------------------------------------------------------------------------------------------------------------
2021-11-09 10:51:55,230 | INFO |
Starting
---------------------------------------------------------------------------------------------------------------------------------------------------
2021-11-09 10:52:03,254 | INFO |
http://mpce03.avrora.lan/art?key=39fa302c1a6b40e19020b376c9becb3b&stock=235&device=DeviceName&code=54&source=1
Response time:0.049501
---------------------------------------------------------------------------------------------------------------------------------------------------
2021-11-09 10:52:03,304 | INFO |
http://mpce03.avrora.lan/img?key=39fa302c1a6b40e19020b376c9becb3b&stock=235&device=DeviceName&code=54&sticker=1
Response time:0.049501
---------------------------------------------------------------------------------------------------------------------------------------------------
2021-11-09 10:52:50,604 | INFO |
Starting
---------------------------------------------------------------------------------------------------------------------------------------------------
2021-11-09 10:52:58,760 | INFO |
http://mpce03.avrora.lan/art?key=39fa302c1a6b40e19020b376c9becb3b&stock=235&device=DeviceName&code=34345&source=1
Response time:0.041945
---------------------------------------------------------------------------------------------------------------------------------------------------
2021-11-09 10:52:59,835 | INFO |
http://mpce03.avrora.lan/img?key=39fa302c1a6b40e19020b376c9becb3b&stock=235&device=DeviceName&code=34345&sticker=1
Response time:0.041945
---------------------------------------------------------------------------------------------------------------------------------------------------
2021-11-09 10:55:32,228 | INFO |
Starting
---------------------------------------------------------------------------------------------------------------------------------------------------
2021-11-09 10:55:39,436 | INFO |
http://mpce03.avrora.lan/art?key=39fa302c1a6b40e19020b376c9becb3b&stock=235&device=DeviceName&code=23&source=1
Response time:0.04705
---------------------------------------------------------------------------------------------------------------------------------------------------
2021-11-09 10:55:39,483 | INFO |
http://mpce03.avrora.lan/img?key=39fa302c1a6b40e19020b376c9becb3b&stock=235&device=DeviceName&code=23&sticker=1
Response time:0.04705
---------------------------------------------------------------------------------------------------------------------------------------------------
2021-11-09 10:57:39,233 | INFO |
http://mpce03.avrora.lan/art?key=39fa302c1a6b40e19020b376c9becb3b&stock=235&device=DeviceName&code=43&source=1
Response time:0.04868
---------------------------------------------------------------------------------------------------------------------------------------------------
2021-11-09 10:57:39,282 | INFO |
http://mpce03.avrora.lan/img?key=39fa302c1a6b40e19020b376c9becb3b&stock=235&device=DeviceName&code=43&sticker=1
Response time:0.04868
---------------------------------------------------------------------------------------------------------------------------------------------------
2021-11-09 10:58:04,654 | INFO |
http://mpce03.avrora.lan/art?key=39fa302c1a6b40e19020b376c9becb3b&stock=235&device=DeviceName&code=45&source=1
Response time:0.042547
---------------------------------------------------------------------------------------------------------------------------------------------------
2021-11-09 10:58:04,698 | INFO |
http://mpce03.avrora.lan/img?key=39fa302c1a6b40e19020b376c9becb3b&stock=235&device=DeviceName&code=45&sticker=1
Response time:0.042547
---------------------------------------------------------------------------------------------------------------------------------------------------
2021-11-09 10:58:15,793 | INFO |
http://mpce03.avrora.lan/art?key=39fa302c1a6b40e19020b376c9becb3b&stock=235&device=DeviceName&code=3234&source=1
Response time:0.070567
---------------------------------------------------------------------------------------------------------------------------------------------------
2021-11-09 10:58:15,854 | INFO |
http://mpce03.avrora.lan/img?key=39fa302c1a6b40e19020b376c9becb3b&stock=235&device=DeviceName&code=3234&sticker=1
Response time:0.070567
---------------------------------------------------------------------------------------------------------------------------------------------------
2021-11-09 10:58:17,888 | INFO |
http://mpce03.avrora.lan/art?key=39fa302c1a6b40e19020b376c9becb3b&stock=235&device=DeviceName&code=12&source=1
Response time:0.053319
---------------------------------------------------------------------------------------------------------------------------------------------------
2021-11-09 10:58:17,934 | INFO |
http://mpce03.avrora.lan/img?key=39fa302c1a6b40e19020b376c9becb3b&stock=235&device=DeviceName&code=12&sticker=1
Response time:0.053319
---------------------------------------------------------------------------------------------------------------------------------------------------
2021-11-09 10:59:00,707 | INFO |
Starting
---------------------------------------------------------------------------------------------------------------------------------------------------
2021-11-09 10:59:34,258 | INFO |
http://mpce03.avrora.lan/art?key=39fa302c1a6b40e19020b376c9becb3b&stock=235&device=DeviceName&code=34&source=1
Response time:0.051783
---------------------------------------------------------------------------------------------------------------------------------------------------
2021-11-09 10:59:34,301 | INFO |
http://mpce03.avrora.lan/img?key=39fa302c1a6b40e19020b376c9becb3b&stock=235&device=DeviceName&code=34&sticker=1
Response time:0.051783
---------------------------------------------------------------------------------------------------------------------------------------------------
2021-11-09 11:00:07,152 | INFO |
Starting
---------------------------------------------------------------------------------------------------------------------------------------------------
2021-11-09 11:00:10,246 | INFO |
http://mpce03.avrora.lan/art?key=39fa302c1a6b40e19020b376c9becb3b&stock=235&device=DeviceName&code=23&source=1
Response time:0.049093
---------------------------------------------------------------------------------------------------------------------------------------------------
2021-11-09 11:00:10,292 | INFO |
http://mpce03.avrora.lan/img?key=39fa302c1a6b40e19020b376c9becb3b&stock=235&device=DeviceName&code=23&sticker=1
Response time:0.049093
---------------------------------------------------------------------------------------------------------------------------------------------------
2021-11-09 11:00:14,331 | INFO |
http://mpce03.avrora.lan/art?key=39fa302c1a6b40e19020b376c9becb3b&stock=235&device=DeviceName&code=323&source=1
Response time:0.057399
---------------------------------------------------------------------------------------------------------------------------------------------------
2021-11-09 11:00:14,887 | INFO |
http://mpce03.avrora.lan/img?key=39fa302c1a6b40e19020b376c9becb3b&stock=235&device=DeviceName&code=323&sticker=1
Response time:0.057399
---------------------------------------------------------------------------------------------------------------------------------------------------
2021-11-09 11:01:00,252 | INFO |
Starting
---------------------------------------------------------------------------------------------------------------------------------------------------
2021-11-09 11:01:05,511 | INFO |
http://mpce03.avrora.lan/art?key=39fa302c1a6b40e19020b376c9becb3b&stock=235&device=DeviceName&code=77&source=1
Response time:0.051287
---------------------------------------------------------------------------------------------------------------------------------------------------
2021-11-09 11:01:06,203 | INFO |
http://mpce03.avrora.lan/img?key=39fa302c1a6b40e19020b376c9becb3b&stock=235&device=DeviceName&code=77&sticker=1
Response time:0.051287
---------------------------------------------------------------------------------------------------------------------------------------------------
2021-11-09 11:01:18,628 | INFO |
Starting
---------------------------------------------------------------------------------------------------------------------------------------------------
2021-11-09 11:01:21,838 | INFO |
http://mpce03.avrora.lan/art?key=39fa302c1a6b40e19020b376c9becb3b&stock=235&device=DeviceName&code=32&source=1
Response time:0.049467
---------------------------------------------------------------------------------------------------------------------------------------------------
2021-11-09 11:01:21,908 | INFO |
http://mpce03.avrora.lan/img?key=39fa302c1a6b40e19020b376c9becb3b&stock=235&device=DeviceName&code=32&sticker=1
Response time:0.049467
---------------------------------------------------------------------------------------------------------------------------------------------------
2021-11-09 11:02:09,801 | INFO |
Starting
---------------------------------------------------------------------------------------------------------------------------------------------------
2021-11-09 11:02:16,910 | INFO |
http://mpce03.avrora.lan/art?key=39fa302c1a6b40e19020b376c9becb3b&stock=235&device=DeviceName&code=34&source=1
Response time:0.049222
---------------------------------------------------------------------------------------------------------------------------------------------------
2021-11-09 11:02:16,958 | INFO |
http://mpce03.avrora.lan/img?key=39fa302c1a6b40e19020b376c9becb3b&stock=235&device=DeviceName&code=34&sticker=1
Response time:0.049222
---------------------------------------------------------------------------------------------------------------------------------------------------
2021-11-09 11:03:41,602 | INFO |
Starting
---------------------------------------------------------------------------------------------------------------------------------------------------
2021-11-09 11:03:46,130 | INFO |
http://mpce03.avrora.lan/art?key=39fa302c1a6b40e19020b376c9becb3b&stock=235&device=DeviceName&code=454&source=1
Response time:0.086684
---------------------------------------------------------------------------------------------------------------------------------------------------
2021-11-09 11:03:46,212 | INFO |
http://mpce03.avrora.lan/img?key=39fa302c1a6b40e19020b376c9becb3b&stock=235&device=DeviceName&code=454&sticker=1
Response time:0.086684
---------------------------------------------------------------------------------------------------------------------------------------------------
2021-11-09 11:03:50,414 | INFO |
http://mpce03.avrora.lan/art?key=39fa302c1a6b40e19020b376c9becb3b&stock=235&device=DeviceName&code=23&source=1
Response time:0.050126
---------------------------------------------------------------------------------------------------------------------------------------------------
2021-11-09 11:03:50,492 | INFO |
http://mpce03.avrora.lan/img?key=39fa302c1a6b40e19020b376c9becb3b&stock=235&device=DeviceName&code=23&sticker=1
Response time:0.050126
---------------------------------------------------------------------------------------------------------------------------------------------------
2021-11-09 11:03:51,962 | INFO |
http://mpce03.avrora.lan/art?key=39fa302c1a6b40e19020b376c9becb3b&stock=235&device=DeviceName&code=123&source=1
Response time:0.040385
---------------------------------------------------------------------------------------------------------------------------------------------------
2021-11-09 11:03:52,010 | INFO |
http://mpce03.avrora.lan/img?key=39fa302c1a6b40e19020b376c9becb3b&stock=235&device=DeviceName&code=123&sticker=1
Response time:0.040385
---------------------------------------------------------------------------------------------------------------------------------------------------
2021-11-09 11:03:52,934 | INFO |
http://mpce03.avrora.lan/art?key=39fa302c1a6b40e19020b376c9becb3b&stock=235&device=DeviceName&code=234&source=1
Response time:0.052551
---------------------------------------------------------------------------------------------------------------------------------------------------
2021-11-09 11:03:52,978 | INFO |
http://mpce03.avrora.lan/img?key=39fa302c1a6b40e19020b376c9becb3b&stock=235&device=DeviceName&code=234&sticker=1
Response time:0.052551
---------------------------------------------------------------------------------------------------------------------------------------------------
2021-11-09 11:04:04,197 | INFO |
http://mpce03.avrora.lan/emp_info?key=39fa302c1a6b40e19020b376c9becb3b&stock=235&device=DeviceName&barcode=ent4
Response time:0.111868
---------------------------------------------------------------------------------------------------------------------------------------------------
2021-11-09 11:04:57,816 | INFO |
http://mpce03.avrora.lan/art?key=39fa302c1a6b40e19020b376c9becb3b&stock=235&device=DeviceName&barcode=7770003906669
Response time:0.070041
---------------------------------------------------------------------------------------------------------------------------------------------------
2021-11-09 11:04:57,894 | INFO |
http://mpce03.avrora.lan/card?key=39fa302c1a6b40e19020b376c9becb3b&stock=235&device=DeviceName&card=7770003906669&source=1
Response time:0.070041
---------------------------------------------------------------------------------------------------------------------------------------------------
2021-11-09 11:05:09,234 | INFO |
http://mpce03.avrora.lan/emp_info?key=39fa302c1a6b40e19020b376c9becb3b&stock=235&device=DeviceName&barcode=ent34
Response time:0.116334
---------------------------------------------------------------------------------------------------------------------------------------------------
2021-11-09 11:06:09,610 | INFO |
Starting
---------------------------------------------------------------------------------------------------------------------------------------------------
2021-11-09 11:06:16,616 | INFO |
http://mpce03.avrora.lan/art?key=39fa302c1a6b40e19020b376c9becb3b&stock=235&device=DeviceName&code=434&source=1
Response time:0.052962
---------------------------------------------------------------------------------------------------------------------------------------------------
2021-11-09 11:06:16,949 | INFO |
http://mpce03.avrora.lan/img?key=39fa302c1a6b40e19020b376c9becb3b&stock=235&device=DeviceName&code=434&sticker=1
Response time:0.052962
---------------------------------------------------------------------------------------------------------------------------------------------------
2021-11-09 11:06:21,514 | INFO |
http://mpce03.avrora.lan/emp_info?key=39fa302c1a6b40e19020b376c9becb3b&stock=235&device=DeviceName&barcode=ent54
Response time:0.100986
---------------------------------------------------------------------------------------------------------------------------------------------------
2021-11-09 11:07:19,717 | INFO |
http://mpce03.avrora.lan/art?key=39fa302c1a6b40e19020b376c9becb3b&stock=235&device=DeviceName&code=723&source=1
Response time:0.14644
---------------------------------------------------------------------------------------------------------------------------------------------------
2021-11-09 11:07:19,766 | INFO |
http://mpce03.avrora.lan/img?key=39fa302c1a6b40e19020b376c9becb3b&stock=235&device=DeviceName&code=723&sticker=1
Response time:0.14644
---------------------------------------------------------------------------------------------------------------------------------------------------
2021-11-09 11:07:21,178 | INFO |
http://mpce03.avrora.lan/art?key=39fa302c1a6b40e19020b376c9becb3b&stock=235&device=DeviceName&code=34&source=1
Response time:0.048806
---------------------------------------------------------------------------------------------------------------------------------------------------
2021-11-09 11:07:21,223 | INFO |
http://mpce03.avrora.lan/img?key=39fa302c1a6b40e19020b376c9becb3b&stock=235&device=DeviceName&code=34&sticker=1
Response time:0.048806
---------------------------------------------------------------------------------------------------------------------------------------------------
2021-11-09 11:07:30,514 | INFO |
http://mpce03.avrora.lan/art?key=39fa302c1a6b40e19020b376c9becb3b&stock=235&device=DeviceName&code=777000390669&source=1
Response time:0.041313
---------------------------------------------------------------------------------------------------------------------------------------------------
2021-11-09 11:07:30,559 | INFO |
http://mpce03.avrora.lan/card?key=39fa302c1a6b40e19020b376c9becb3b&stock=235&device=DeviceName&card=777000390669&source=1
Response time:0.041313
---------------------------------------------------------------------------------------------------------------------------------------------------
2021-11-09 11:07:38,549 | INFO |
http://mpce03.avrora.lan/art?key=39fa302c1a6b40e19020b376c9becb3b&stock=235&device=DeviceName&barcode=7770003906669
Response time:0.091348
---------------------------------------------------------------------------------------------------------------------------------------------------
2021-11-09 11:07:38,611 | INFO |
http://mpce03.avrora.lan/card?key=39fa302c1a6b40e19020b376c9becb3b&stock=235&device=DeviceName&card=7770003906669&source=1
Response time:0.091348
---------------------------------------------------------------------------------------------------------------------------------------------------
2021-11-09 11:07:41,701 | INFO |
http://mpce03.avrora.lan/art?key=39fa302c1a6b40e19020b376c9becb3b&stock=235&device=DeviceName&code=234&source=1
Response time:0.043846
---------------------------------------------------------------------------------------------------------------------------------------------------
2021-11-09 11:07:41,745 | INFO |
http://mpce03.avrora.lan/img?key=39fa302c1a6b40e19020b376c9becb3b&stock=235&device=DeviceName&code=234&sticker=1
Response time:0.043846
---------------------------------------------------------------------------------------------------------------------------------------------------
2021-11-09 11:07:42,934 | INFO |
http://mpce03.avrora.lan/art?key=39fa302c1a6b40e19020b376c9becb3b&stock=235&device=DeviceName&code=4&source=1
Response time:0.203189
---------------------------------------------------------------------------------------------------------------------------------------------------
2021-11-09 11:07:43,013 | INFO |
http://mpce03.avrora.lan/img?key=39fa302c1a6b40e19020b376c9becb3b&stock=235&device=DeviceName&code=4&sticker=1
Response time:0.203189
---------------------------------------------------------------------------------------------------------------------------------------------------
2021-11-09 11:07:45,122 | INFO |
http://mpce03.avrora.lan/art?key=39fa302c1a6b40e19020b376c9becb3b&stock=235&device=DeviceName&barcode=32522222222224
Response time:0.048624
---------------------------------------------------------------------------------------------------------------------------------------------------
2021-11-09 11:07:45,170 | INFO |
http://mpce03.avrora.lan/card?key=39fa302c1a6b40e19020b376c9becb3b&stock=235&device=DeviceName&card=32522222222224&source=1
Response time:0.048624
---------------------------------------------------------------------------------------------------------------------------------------------------
2021-11-09 11:07:53,148 | INFO |
http://mpce03.avrora.lan/art?key=39fa302c1a6b40e19020b376c9becb3b&stock=235&device=DeviceName&code=43&source=1
Response time:0.115629
---------------------------------------------------------------------------------------------------------------------------------------------------
2021-11-09 11:07:53,195 | INFO |
http://mpce03.avrora.lan/img?key=39fa302c1a6b40e19020b376c9becb3b&stock=235&device=DeviceName&code=43&sticker=1
Response time:0.115629
---------------------------------------------------------------------------------------------------------------------------------------------------
2021-11-09 11:07:54,685 | INFO |
http://mpce03.avrora.lan/art?key=39fa302c1a6b40e19020b376c9becb3b&stock=235&device=DeviceName&code=234&source=1
Response time:0.044997
---------------------------------------------------------------------------------------------------------------------------------------------------
2021-11-09 11:07:54,730 | INFO |
http://mpce03.avrora.lan/img?key=39fa302c1a6b40e19020b376c9becb3b&stock=235&device=DeviceName&code=234&sticker=1
Response time:0.044997
---------------------------------------------------------------------------------------------------------------------------------------------------
2021-11-09 11:07:55,955 | INFO |
http://mpce03.avrora.lan/art?key=39fa302c1a6b40e19020b376c9becb3b&stock=235&device=DeviceName&code=123123&source=1
Response time:0.081611
---------------------------------------------------------------------------------------------------------------------------------------------------
2021-11-09 11:07:56,054 | INFO |
http://mpce03.avrora.lan/card?key=39fa302c1a6b40e19020b376c9becb3b&stock=235&device=DeviceName&card=123123&source=1
Response time:0.081611
---------------------------------------------------------------------------------------------------------------------------------------------------
2021-11-09 11:08:03,675 | INFO |
Starting
---------------------------------------------------------------------------------------------------------------------------------------------------
2021-11-09 11:08:07,126 | INFO |
http://mpce03.avrora.lan/art?key=39fa302c1a6b40e19020b376c9becb3b&stock=235&device=DeviceName&code=4&source=1
Response time:0.049713
---------------------------------------------------------------------------------------------------------------------------------------------------
2021-11-09 11:08:07,176 | INFO |
http://mpce03.avrora.lan/img?key=39fa302c1a6b40e19020b376c9becb3b&stock=235&device=DeviceName&code=4&sticker=1
Response time:0.049713
---------------------------------------------------------------------------------------------------------------------------------------------------
2021-11-09 11:08:08,317 | INFO |
http://mpce03.avrora.lan/art?key=39fa302c1a6b40e19020b376c9becb3b&stock=235&device=DeviceName&code=3434&source=1
Response time:0.051764
---------------------------------------------------------------------------------------------------------------------------------------------------
2021-11-09 11:08:08,833 | INFO |
http://mpce03.avrora.lan/img?key=39fa302c1a6b40e19020b376c9becb3b&stock=235&device=DeviceName&code=3434&sticker=1
Response time:0.051764
---------------------------------------------------------------------------------------------------------------------------------------------------
2021-11-09 11:08:10,442 | INFO |
http://mpce03.avrora.lan/art?key=39fa302c1a6b40e19020b376c9becb3b&stock=235&device=DeviceName&code=345345345534&source=1
Response time:0.049593
---------------------------------------------------------------------------------------------------------------------------------------------------
2021-11-09 11:08:10,490 | INFO |
http://mpce03.avrora.lan/card?key=39fa302c1a6b40e19020b376c9becb3b&stock=235&device=DeviceName&card=345345345534&source=1
Response time:0.049593
---------------------------------------------------------------------------------------------------------------------------------------------------
2021-11-09 11:08:13,468 | INFO |
http://mpce03.avrora.lan/art?key=39fa302c1a6b40e19020b376c9becb3b&stock=235&device=DeviceName&code=7&source=1
Response time:0.051242
---------------------------------------------------------------------------------------------------------------------------------------------------
2021-11-09 11:08:13,515 | INFO |
http://mpce03.avrora.lan/img?key=39fa302c1a6b40e19020b376c9becb3b&stock=235&device=DeviceName&code=7&sticker=1
Response time:0.051242
---------------------------------------------------------------------------------------------------------------------------------------------------
2021-11-09 11:08:18,428 | INFO |
http://mpce03.avrora.lan/art?key=39fa302c1a6b40e19020b376c9becb3b&stock=235&device=DeviceName&code=34&source=1
Response time:0.051156
---------------------------------------------------------------------------------------------------------------------------------------------------
2021-11-09 11:08:18,472 | INFO |
http://mpce03.avrora.lan/img?key=39fa302c1a6b40e19020b376c9becb3b&stock=235&device=DeviceName&code=34&sticker=1
Response time:0.051156
---------------------------------------------------------------------------------------------------------------------------------------------------
2021-11-09 11:09:00,532 | INFO |
http://mpce03.avrora.lan/art?key=39fa302c1a6b40e19020b376c9becb3b&stock=235&device=DeviceName&code=34&source=1
Response time:0.082052
---------------------------------------------------------------------------------------------------------------------------------------------------
2021-11-09 11:09:00,618 | INFO |
http://mpce03.avrora.lan/img?key=39fa302c1a6b40e19020b376c9becb3b&stock=235&device=DeviceName&code=34&sticker=1
Response time:0.082052
---------------------------------------------------------------------------------------------------------------------------------------------------
2021-11-09 11:09:09,380 | INFO |
http://mpce03.avrora.lan/art?key=39fa302c1a6b40e19020b376c9becb3b&stock=235&device=DeviceName&code=434&source=1
Response time:0.050211
---------------------------------------------------------------------------------------------------------------------------------------------------
2021-11-09 11:09:09,657 | INFO |
http://mpce03.avrora.lan/img?key=39fa302c1a6b40e19020b376c9becb3b&stock=235&device=DeviceName&code=434&sticker=1
Response time:0.050211
---------------------------------------------------------------------------------------------------------------------------------------------------
2021-11-09 11:09:59,695 | INFO |
Starting
---------------------------------------------------------------------------------------------------------------------------------------------------
2021-11-09 11:10:08,808 | INFO |
http://mpce03.avrora.lan/art?key=39fa302c1a6b40e19020b376c9becb3b&stock=235&device=DeviceName&code=334&source=1
Response time:0.044082
---------------------------------------------------------------------------------------------------------------------------------------------------
2021-11-09 11:10:08,967 | INFO |
http://mpce03.avrora.lan/img?key=39fa302c1a6b40e19020b376c9becb3b&stock=235&device=DeviceName&code=334&sticker=1
Response time:0.044082
---------------------------------------------------------------------------------------------------------------------------------------------------
2021-11-09 11:10:10,684 | INFO |
http://mpce03.avrora.lan/art?key=39fa302c1a6b40e19020b376c9becb3b&stock=235&device=DeviceName&code=43&source=1
Response time:0.049943
---------------------------------------------------------------------------------------------------------------------------------------------------
2021-11-09 11:10:10,730 | INFO |
http://mpce03.avrora.lan/img?key=39fa302c1a6b40e19020b376c9becb3b&stock=235&device=DeviceName&code=43&sticker=1
Response time:0.049943
---------------------------------------------------------------------------------------------------------------------------------------------------
